<?xml version="1.0" encoding="UTF-8"?>
<!-- Generated by org.testng.reporters.JUnitReportReporter -->
<testsuite hostname="LAPTOP-AFO4I6I2" failures="0" tests="1" name="com.testcases.homepagetest" time="28.800" errors="0" timestamp="2022-08-25T14:49:43 IST" skipped="0">
  <testcase classname="com.testcases.homepagetest" name="Signin_Click_Cart" time="28.800"/>
  <system-out/>
</testsuite> <!-- com.testcases.homepagetest -->
