<?xml version="1.0" encoding="UTF-8"?>
<!-- Generated by org.testng.reporters.JUnitReportReporter -->
<testsuite hostname="LAPTOP-AFO4I6I2" failures="0" tests="2" name="com.testcases.logintest" time="39.273" errors="0" timestamp="2022-10-10T15:57:31 IST" skipped="0">
  <testcase classname="com.testcases.logintest" name="Signout" time="25.202"/>
  <system-out/>
  <testcase classname="com.testcases.logintest" name="Signin" time="14.071"/>
  <system-out/>
</testsuite> <!-- com.testcases.logintest -->
