<?xml version="1.0" encoding="UTF-8"?>
<!-- Generated by org.testng.reporters.JUnitReportReporter -->
<testsuite hostname="LAPTOP-AFO4I6I2" failures="0" tests="1" name="com.testcases.homepagetest" time="39.616" errors="0" timestamp="2022-09-13T13:56:33 IST" skipped="0">
  <testcase classname="com.testcases.homepagetest" name="Signin_Click_Cart" time="39.616"/>
  <system-out/>
</testsuite> <!-- com.testcases.homepagetest -->
