<?xml version="1.0" encoding="UTF-8"?>
<!-- Generated by org.testng.reporters.JUnitReportReporter -->
<testsuite hostname="LAPTOP-AFO4I6I2" failures="0" tests="2" name="com.testcases.logintest" time="46.589" errors="0" timestamp="2022-09-13T13:56:33 IST" skipped="0">
  <testcase classname="com.testcases.logintest" name="Signout" time="22.261"/>
  <system-out/>
  <testcase classname="com.testcases.logintest" name="Signin" time="24.328"/>
  <system-out/>
</testsuite> <!-- com.testcases.logintest -->
