<?xml version="1.0" encoding="UTF-8"?>
<!-- Generated by org.testng.reporters.JUnitReportReporter -->
<testsuite hostname="LAPTOP-AFO4I6I2" failures="0" tests="2" name="com.testcases.logintest" time="24.838" errors="0" timestamp="2022-10-01T13:56:57 IST" skipped="0">
  <testcase classname="com.testcases.logintest" name="Signout" time="14.295"/>
  <system-out/>
  <testcase classname="com.testcases.logintest" name="Signin" time="10.543"/>
  <system-out/>
</testsuite> <!-- com.testcases.logintest -->
