<?xml version="1.0" encoding="UTF-8"?>
<!-- Generated by org.testng.reporters.JUnitReportReporter -->
<testsuite hostname="LAPTOP-AFO4I6I2" failures="0" tests="1" name="com.testcases.homepagetest" time="16.904" errors="0" timestamp="2022-10-01T13:56:57 IST" skipped="0">
  <testcase classname="com.testcases.homepagetest" name="Signin_Click_Cart" time="16.904"/>
  <system-out/>
</testsuite> <!-- com.testcases.homepagetest -->
