<?xml version="1.0" encoding="UTF-8"?>
<!-- Generated by org.testng.reporters.JUnitReportReporter -->
<testsuite hostname="LAPTOP-AFO4I6I2" failures="0" tests="1" name="com.testcases.homepagetest" time="50.480" errors="0" timestamp="2022-10-10T15:57:31 IST" skipped="0">
  <testcase classname="com.testcases.homepagetest" name="Signin_Click_Cart" time="50.480"/>
  <system-out/>
</testsuite> <!-- com.testcases.homepagetest -->
