<?xml version="1.0" encoding="UTF-8"?>
<!-- Generated by org.testng.reporters.JUnitReportReporter -->
<testsuite hostname="LAPTOP-AFO4I6I2" failures="0" tests="2" name="com.testcases.logintest" time="56.043" errors="0" timestamp="2022-08-25T17:47:03 IST" skipped="0">
  <testcase classname="com.testcases.logintest" name="Signin" time="21.525"/>
  <system-out/>
  <testcase classname="com.testcases.logintest" name="Signout" time="34.518"/>
  <system-out/>
</testsuite> <!-- com.testcases.logintest -->
