<?xml version="1.0" encoding="UTF-8"?>
<!-- Generated by org.testng.reporters.JUnitReportReporter -->
<testsuite hostname="LAPTOP-AFO4I6I2" failures="0" tests="2" name="com.testcases.logintest" time="141.411" errors="0" timestamp="2022-08-25T16:26:23 IST" skipped="0">
  <testcase classname="com.testcases.logintest" name="Signout" time="87.793"/>
  <system-out/>
  <testcase classname="com.testcases.logintest" name="Signin" time="53.618"/>
  <system-out/>
</testsuite> <!-- com.testcases.logintest -->
